d:\workspaces\c++\aesgui\aesgui\x64\debug\uic\ui_aesmain.h
d:\workspaces\c++\aesgui\aesgui\x64\debug\uic\ui_alertdialog.h
d:\workspaces\c++\aesgui\aesgui\x64\debug\rcc\qrc_aesmain.cpp
d:\workspaces\c++\aesgui\aesgui\x64\debug\rcc\qrc_alertdialog.cpp
d:\workspaces\c++\aesgui\aesgui\x64\debug\moc\moc_aesmain.cpp
d:\workspaces\c++\aesgui\aesgui\x64\debug\moc\moc_alertdialog.cpp
d:\workspaces\c++\aesgui\aesgui\x64\debug\aesexception.obj
d:\workspaces\c++\aesgui\aesgui\x64\debug\aes.obj
d:\workspaces\c++\aesgui\aesgui\x64\debug\main.obj
d:\workspaces\c++\aesgui\aesgui\x64\debug\alertdialog.obj
d:\workspaces\c++\aesgui\aesgui\x64\debug\vc141.pdb
d:\workspaces\c++\aesgui\aesgui\x64\debug\aesgui.tlog\aesgui.write.1u.tlog
d:\workspaces\c++\aesgui\aesgui\x64\debug\aesgui.tlog\cl.13520.write.1.tlog
d:\workspaces\c++\aesgui\aesgui\x64\debug\aesgui.tlog\cl.command.1.tlog
d:\workspaces\c++\aesgui\aesgui\x64\debug\aesgui.tlog\cl.read.1.tlog
d:\workspaces\c++\aesgui\aesgui\x64\debug\aesgui.tlog\moc.read.1u.tlog
d:\workspaces\c++\aesgui\aesgui\x64\debug\aesgui.tlog\moc.write.1u.tlog
d:\workspaces\c++\aesgui\aesgui\x64\debug\aesgui.tlog\rcc.read.1u.tlog
d:\workspaces\c++\aesgui\aesgui\x64\debug\aesgui.tlog\rcc.write.1u.tlog
d:\workspaces\c++\aesgui\aesgui\x64\debug\aesgui.tlog\uic.read.1u.tlog
d:\workspaces\c++\aesgui\aesgui\x64\debug\aesgui.tlog\uic.write.1u.tlog
