d:\workspaces\c++\aesgui\aesgui\x64\release\uic\ui_aesmain.h
d:\workspaces\c++\aesgui\aesgui\x64\release\uic\ui_alertdialog.h
d:\workspaces\c++\aesgui\aesgui\x64\release\rcc\qrc_aesmain.cpp
d:\workspaces\c++\aesgui\aesgui\x64\release\rcc\qrc_alertdialog.cpp
d:\workspaces\c++\aesgui\aesgui\x64\release\moc\moc_aesmain.cpp
d:\workspaces\c++\aesgui\aesgui\x64\release\moc\moc_alertdialog.cpp
d:\workspaces\c++\aesgui\aesgui\x64\release\qrc_aesmain.obj
d:\workspaces\c++\aesgui\aesgui\x64\release\moc_aesmain.obj
d:\workspaces\c++\aesgui\aesgui\x64\release\moc_alertdialog.obj
d:\workspaces\c++\aesgui\aesgui\x64\release\qrc_alertdialog.obj
d:\workspaces\c++\aesgui\aesgui\x64\release\main.obj
d:\workspaces\c++\aesgui\aesgui\x64\release\alertdialog.obj
d:\workspaces\c++\aesgui\aesgui\x64\release\aesexception.obj
d:\workspaces\c++\aesgui\aesgui\x64\release\aes.obj
d:\workspaces\c++\aesgui\aesgui\x64\release\aesmain.obj
d:\workspaces\c++\aesgui\x64\release\aesgui.exe
d:\workspaces\c++\aesgui\aesgui\x64\release\aesgui.res
d:\workspaces\c++\aesgui\aesgui\x64\release\aesgui.tlog\aesgui.write.1u.tlog
d:\workspaces\c++\aesgui\aesgui\x64\release\aesgui.tlog\cl.11880.write.1.tlog
d:\workspaces\c++\aesgui\aesgui\x64\release\aesgui.tlog\cl.command.1.tlog
d:\workspaces\c++\aesgui\aesgui\x64\release\aesgui.tlog\cl.read.1.tlog
d:\workspaces\c++\aesgui\aesgui\x64\release\aesgui.tlog\link.command.1.tlog
d:\workspaces\c++\aesgui\aesgui\x64\release\aesgui.tlog\link.read.1.tlog
d:\workspaces\c++\aesgui\aesgui\x64\release\aesgui.tlog\link.write.1.tlog
d:\workspaces\c++\aesgui\aesgui\x64\release\aesgui.tlog\moc.read.1u.tlog
d:\workspaces\c++\aesgui\aesgui\x64\release\aesgui.tlog\moc.write.1u.tlog
d:\workspaces\c++\aesgui\aesgui\x64\release\aesgui.tlog\rc.command.1.tlog
d:\workspaces\c++\aesgui\aesgui\x64\release\aesgui.tlog\rc.read.1.tlog
d:\workspaces\c++\aesgui\aesgui\x64\release\aesgui.tlog\rc.write.1.tlog
d:\workspaces\c++\aesgui\aesgui\x64\release\aesgui.tlog\rcc.read.1u.tlog
d:\workspaces\c++\aesgui\aesgui\x64\release\aesgui.tlog\rcc.write.1u.tlog
d:\workspaces\c++\aesgui\aesgui\x64\release\aesgui.tlog\uic.read.1u.tlog
d:\workspaces\c++\aesgui\aesgui\x64\release\aesgui.tlog\uic.write.1u.tlog
